Determining if the Q_WS_X11 exist failed with the following output:
Change Dir: /Users/smller/Simulationen/B1-build/CMakeFiles/CMakeTmp

Run Build Command(s):/usr/bin/make cmTC_5917a/fast && /Library/Developer/CommandLineTools/usr/bin/make -f CMakeFiles/cmTC_5917a.dir/build.make CMakeFiles/cmTC_5917a.dir/build
Building CXX object CMakeFiles/cmTC_5917a.dir/CheckSymbolExists.cxx.o
/Library/Developer/CommandLineTools/usr/bin/c++   -I/usr/local/include -F/usr/local/lib  -isysroot /Library/Developer/CommandLineTools/SDKs/MacOSX10.15.sdk   -o CMakeFiles/cmTC_5917a.dir/CheckSymbolExists.cxx.o -c /Users/smller/Simulationen/B1-build/CMakeFiles/CMakeTmp/CheckSymbolExists.cxx
/Users/smller/Simulationen/B1-build/CMakeFiles/CMakeTmp/CheckSymbolExists.cxx:8:19: error: use of undeclared identifier 'Q_WS_X11'
  return ((int*)(&Q_WS_X11))[argc];
                  ^
1 error generated.
make[1]: *** [CMakeFiles/cmTC_5917a.dir/CheckSymbolExists.cxx.o] Error 1
make: *** [cmTC_5917a/fast] Error 2


File /Users/smller/Simulationen/B1-build/CMakeFiles/CMakeTmp/CheckSymbolExists.cxx:
/* */
#include <QtCore/qglobal.h>

int main(int argc, char** argv)
{
  (void)argv;
#ifndef Q_WS_X11
  return ((int*)(&Q_WS_X11))[argc];
#else
  (void)argc;
  return 0;
#endif
}
Determining if the Q_WS_WIN exist failed with the following output:
Change Dir: /Users/smller/Simulationen/B1-build/CMakeFiles/CMakeTmp

Run Build Command(s):/usr/bin/make cmTC_b135e/fast && /Library/Developer/CommandLineTools/usr/bin/make -f CMakeFiles/cmTC_b135e.dir/build.make CMakeFiles/cmTC_b135e.dir/build
Building CXX object CMakeFiles/cmTC_b135e.dir/CheckSymbolExists.cxx.o
/Library/Developer/CommandLineTools/usr/bin/c++   -I/usr/local/include -F/usr/local/lib  -isysroot /Library/Developer/CommandLineTools/SDKs/MacOSX10.15.sdk   -o CMakeFiles/cmTC_b135e.dir/CheckSymbolExists.cxx.o -c /Users/smller/Simulationen/B1-build/CMakeFiles/CMakeTmp/CheckSymbolExists.cxx
/Users/smller/Simulationen/B1-build/CMakeFiles/CMakeTmp/CheckSymbolExists.cxx:8:19: error: use of undeclared identifier 'Q_WS_WIN'
  return ((int*)(&Q_WS_WIN))[argc];
                  ^
1 error generated.
make[1]: *** [CMakeFiles/cmTC_b135e.dir/CheckSymbolExists.cxx.o] Error 1
make: *** [cmTC_b135e/fast] Error 2


File /Users/smller/Simulationen/B1-build/CMakeFiles/CMakeTmp/CheckSymbolExists.cxx:
/* */
#include <QtCore/qglobal.h>

int main(int argc, char** argv)
{
  (void)argv;
#ifndef Q_WS_WIN
  return ((int*)(&Q_WS_WIN))[argc];
#else
  (void)argc;
  return 0;
#endif
}
Determining if the Q_WS_QWS exist failed with the following output:
Change Dir: /Users/smller/Simulationen/B1-build/CMakeFiles/CMakeTmp

Run Build Command(s):/usr/bin/make cmTC_58904/fast && /Library/Developer/CommandLineTools/usr/bin/make -f CMakeFiles/cmTC_58904.dir/build.make CMakeFiles/cmTC_58904.dir/build
Building CXX object CMakeFiles/cmTC_58904.dir/CheckSymbolExists.cxx.o
/Library/Developer/CommandLineTools/usr/bin/c++   -I/usr/local/include -F/usr/local/lib  -isysroot /Library/Developer/CommandLineTools/SDKs/MacOSX10.15.sdk   -o CMakeFiles/cmTC_58904.dir/CheckSymbolExists.cxx.o -c /Users/smller/Simulationen/B1-build/CMakeFiles/CMakeTmp/CheckSymbolExists.cxx
/Users/smller/Simulationen/B1-build/CMakeFiles/CMakeTmp/CheckSymbolExists.cxx:8:19: error: use of undeclared identifier 'Q_WS_QWS'
  return ((int*)(&Q_WS_QWS))[argc];
                  ^
1 error generated.
make[1]: *** [CMakeFiles/cmTC_58904.dir/CheckSymbolExists.cxx.o] Error 1
make: *** [cmTC_58904/fast] Error 2


File /Users/smller/Simulationen/B1-build/CMakeFiles/CMakeTmp/CheckSymbolExists.cxx:
/* */
#include <QtCore/qglobal.h>

int main(int argc, char** argv)
{
  (void)argv;
#ifndef Q_WS_QWS
  return ((int*)(&Q_WS_QWS))[argc];
#else
  (void)argc;
  return 0;
#endif
}
